Traceback (most recent call last):
  File "/root/.openclaw/workspace/climate-arbitrage-bot/main.py", line 18, in <module>
    from polymarket import PolymarketClient, get_weather_markets, calculate_spread, is_arbitrage_opportunity
ModuleNotFoundError: No module named 'polymarket'
Traceback (most recent call last):
  File "/root/.openclaw/workspace/climate-arbitrage-bot/main.py", line 18, in <module>
    from polymarket import PolymarketClient, get_weather_markets, calculate_spread, is_arbitrage_opportunity
ModuleNotFoundError: No module named 'polymarket'
Traceback (most recent call last):
  File "/root/.openclaw/workspace/climate-arbitrage-bot/main.py", line 18, in <module>
    from polymarket import PolymarketClient, get_weather_markets, calculate_spread, is_arbitrage_opportunity
ModuleNotFoundError: No module named 'polymarket'
Traceback (most recent call last):
  File "/root/.openclaw/workspace/climate-arbitrage-bot/main.py", line 18, in <module>
    from polymarket import PolymarketClient, get_weather_markets, calculate_spread, is_arbitrage_opportunity
ModuleNotFoundError: No module named 'polymarket'
Traceback (most recent call last):
  File "/root/.openclaw/workspace/climate-arbitrage-bot/main.py", line 18, in <module>
    from polymarket import PolymarketClient, get_weather_markets, calculate_spread, is_arbitrage_opportunity
ModuleNotFoundError: No module named 'polymarket'
Traceback (most recent call last):
  File "/root/.openclaw/workspace/climate-arbitrage-bot/main.py", line 18, in <module>
    from polymarket import PolymarketClient, get_weather_markets, calculate_spread, is_arbitrage_opportunity
ModuleNotFoundError: No module named 'polymarket'
Traceback (most recent call last):
  File "/root/.openclaw/workspace/climate-arbitrage-bot/main.py", line 18, in <module>
    from polymarket import PolymarketClient, get_weather_markets, calculate_spread, is_arbitrage_opportunity
ModuleNotFoundError: No module named 'polymarket'
Traceback (most recent call last):
  File "/root/.openclaw/workspace/climate-arbitrage-bot/main.py", line 18, in <module>
    from polymarket import PolymarketClient, get_weather_markets, calculate_spread, is_arbitrage_opportunity
ModuleNotFoundError: No module named 'polymarket'
Traceback (most recent call last):
  File "/root/.openclaw/workspace/climate-arbitrage-bot/main.py", line 18, in <module>
    from polymarket import PolymarketClient, get_weather_markets, calculate_spread, is_arbitrage_opportunity
ModuleNotFoundError: No module named 'polymarket'
Traceback (most recent call last):
  File "/root/.openclaw/workspace/climate-arbitrage-bot/main.py", line 18, in <module>
    from polymarket import PolymarketClient, get_weather_markets, calculate_spread, is_arbitrage_opportunity
ModuleNotFoundError: No module named 'polymarket'
Traceback (most recent call last):
  File "/root/.openclaw/workspace/climate-arbitrage-bot/main.py", line 18, in <module>
    from polymarket import PolymarketClient, get_weather_markets, calculate_spread, is_arbitrage_opportunity
ModuleNotFoundError: No module named 'polymarket'
Traceback (most recent call last):
  File "/root/.openclaw/workspace/climate-arbitrage-bot/main.py", line 18, in <module>
    from polymarket import PolymarketClient, get_weather_markets, calculate_spread, is_arbitrage_opportunity
ModuleNotFoundError: No module named 'polymarket'
Traceback (most recent call last):
  File "/root/.openclaw/workspace/climate-arbitrage-bot/main.py", line 18, in <module>
    from polymarket import PolymarketClient, get_weather_markets, calculate_spread, is_arbitrage_opportunity
ModuleNotFoundError: No module named 'polymarket'
Traceback (most recent call last):
  File "/root/.openclaw/workspace/climate-arbitrage-bot/main.py", line 18, in <module>
    from polymarket import PolymarketClient, get_weather_markets, calculate_spread, is_arbitrage_opportunity
ModuleNotFoundError: No module named 'polymarket'
Traceback (most recent call last):
  File "/root/.openclaw/workspace/climate-arbitrage-bot/main.py", line 18, in <module>
    from polymarket import PolymarketClient, get_weather_markets, calculate_spread, is_arbitrage_opportunity
ModuleNotFoundError: No module named 'polymarket'
Traceback (most recent call last):
  File "/root/.openclaw/workspace/climate-arbitrage-bot/main.py", line 18, in <module>
    from polymarket import PolymarketClient, get_weather_markets, calculate_spread, is_arbitrage_opportunity
ModuleNotFoundError: No module named 'polymarket'
Traceback (most recent call last):
  File "/root/.openclaw/workspace/climate-arbitrage-bot/main.py", line 18, in <module>
    from polymarket import PolymarketClient, get_weather_markets, calculate_spread, is_arbitrage_opportunity
ModuleNotFoundError: No module named 'polymarket'
Traceback (most recent call last):
  File "/root/.openclaw/workspace/climate-arbitrage-bot/main.py", line 18, in <module>
    from polymarket import PolymarketClient, get_weather_markets, calculate_spread, is_arbitrage_opportunity
ModuleNotFoundError: No module named 'polymarket'
Traceback (most recent call last):
  File "/root/.openclaw/workspace/climate-arbitrage-bot/main.py", line 18, in <module>
    from polymarket import PolymarketClient, get_weather_markets, calculate_spread, is_arbitrage_opportunity
ModuleNotFoundError: No module named 'polymarket'
Traceback (most recent call last):
  File "/root/.openclaw/workspace/climate-arbitrage-bot/main.py", line 18, in <module>
    from polymarket import PolymarketClient, get_weather_markets, calculate_spread, is_arbitrage_opportunity
ModuleNotFoundError: No module named 'polymarket'
Traceback (most recent call last):
  File "/root/.openclaw/workspace/climate-arbitrage-bot/main.py", line 18, in <module>
    from polymarket import PolymarketClient, get_weather_markets, calculate_spread, is_arbitrage_opportunity
ModuleNotFoundError: No module named 'polymarket'
Traceback (most recent call last):
  File "/root/.openclaw/workspace/climate-arbitrage-bot/main.py", line 18, in <module>
    from polymarket import PolymarketClient, get_weather_markets, calculate_spread, is_arbitrage_opportunity
ModuleNotFoundError: No module named 'polymarket'
Traceback (most recent call last):
  File "/root/.openclaw/workspace/climate-arbitrage-bot/main.py", line 18, in <module>
    from polymarket import PolymarketClient, get_weather_markets, calculate_spread, is_arbitrage_opportunity
ModuleNotFoundError: No module named 'polymarket'
Traceback (most recent call last):
  File "/root/.openclaw/workspace/climate-arbitrage-bot/main.py", line 18, in <module>
    from polymarket import PolymarketClient, get_weather_markets, calculate_spread, is_arbitrage_opportunity
ModuleNotFoundError: No module named 'polymarket'
Traceback (most recent call last):
  File "/root/.openclaw/workspace/climate-arbitrage-bot/main.py", line 18, in <module>
    from polymarket import PolymarketClient, get_weather_markets, calculate_spread, is_arbitrage_opportunity
ModuleNotFoundError: No module named 'polymarket'
Traceback (most recent call last):
  File "/root/.openclaw/workspace/climate-arbitrage-bot/main.py", line 18, in <module>
    from polymarket import PolymarketClient, get_weather_markets, calculate_spread, is_arbitrage_opportunity
ModuleNotFoundError: No module named 'polymarket'
Traceback (most recent call last):
  File "/root/.openclaw/workspace/climate-arbitrage-bot/main.py", line 18, in <module>
    from polymarket import PolymarketClient, get_weather_markets, calculate_spread, is_arbitrage_opportunity
ModuleNotFoundError: No module named 'polymarket'
Traceback (most recent call last):
  File "/root/.openclaw/workspace/climate-arbitrage-bot/main.py", line 18, in <module>
    from polymarket import PolymarketClient, get_weather_markets, calculate_spread, is_arbitrage_opportunity
ModuleNotFoundError: No module named 'polymarket'
Traceback (most recent call last):
  File "/root/.openclaw/workspace/climate-arbitrage-bot/main.py", line 18, in <module>
    from polymarket import PolymarketClient, get_weather_markets, calculate_spread, is_arbitrage_opportunity
ModuleNotFoundError: No module named 'polymarket'
Traceback (most recent call last):
  File "/root/.openclaw/workspace/climate-arbitrage-bot/main.py", line 18, in <module>
    from polymarket import PolymarketClient, get_weather_markets, calculate_spread, is_arbitrage_opportunity
ModuleNotFoundError: No module named 'polymarket'
Traceback (most recent call last):
  File "/root/.openclaw/workspace/climate-arbitrage-bot/main.py", line 18, in <module>
    from polymarket import PolymarketClient, get_weather_markets, calculate_spread, is_arbitrage_opportunity
ModuleNotFoundError: No module named 'polymarket'
Traceback (most recent call last):
  File "/root/.openclaw/workspace/climate-arbitrage-bot/main.py", line 18, in <module>
    from polymarket import PolymarketClient, get_weather_markets, calculate_spread, is_arbitrage_opportunity
ModuleNotFoundError: No module named 'polymarket'
Traceback (most recent call last):
  File "/root/.openclaw/workspace/climate-arbitrage-bot/main.py", line 18, in <module>
    from polymarket import PolymarketClient, get_weather_markets, calculate_spread, is_arbitrage_opportunity
ModuleNotFoundError: No module named 'polymarket'
Traceback (most recent call last):
  File "/root/.openclaw/workspace/climate-arbitrage-bot/main.py", line 18, in <module>
    from polymarket import PolymarketClient, get_weather_markets, calculate_spread, is_arbitrage_opportunity
ModuleNotFoundError: No module named 'polymarket'
Traceback (most recent call last):
  File "/root/.openclaw/workspace/climate-arbitrage-bot/main.py", line 18, in <module>
    from polymarket import PolymarketClient, get_weather_markets, calculate_spread, is_arbitrage_opportunity, get_temperature_events, get_markets_from_events
ModuleNotFoundError: No module named 'polymarket'
Traceback (most recent call last):
  File "/root/.openclaw/workspace/climate-arbitrage-bot/main.py", line 18, in <module>
    from polymarket import PolymarketClient, get_weather_markets, calculate_spread, is_arbitrage_opportunity, get_temperature_events, get_markets_from_events
ModuleNotFoundError: No module named 'polymarket'
Traceback (most recent call last):
  File "/root/.openclaw/workspace/climate-arbitrage-bot/main.py", line 18, in <module>
    from polymarket import PolymarketClient, get_weather_markets, calculate_spread, is_arbitrage_opportunity, get_temperature_events, get_markets_from_events
ModuleNotFoundError: No module named 'polymarket'
Traceback (most recent call last):
  File "/root/.openclaw/workspace/climate-arbitrage-bot/main.py", line 18, in <module>
    from polymarket import PolymarketClient, get_weather_markets, calculate_spread, is_arbitrage_opportunity, get_temperature_events, get_markets_from_events
ModuleNotFoundError: No module named 'polymarket'
Traceback (most recent call last):
  File "/root/.openclaw/workspace/climate-arbitrage-bot/main.py", line 18, in <module>
    from polymarket import PolymarketClient, get_weather_markets, calculate_spread, is_arbitrage_opportunity, get_temperature_events, get_markets_from_events
ModuleNotFoundError: No module named 'polymarket'
Traceback (most recent call last):
  File "/root/.openclaw/workspace/climate-arbitrage-bot/main.py", line 18, in <module>
    from polymarket import PolymarketClient, get_weather_markets, calculate_spread, is_arbitrage_opportunity, get_temperature_events, get_markets_from_events
ModuleNotFoundError: No module named 'polymarket'
Traceback (most recent call last):
  File "/root/.openclaw/workspace/climate-arbitrage-bot/main.py", line 18, in <module>
    from polymarket import PolymarketClient, get_weather_markets, calculate_spread, is_arbitrage_opportunity, get_temperature_events, get_markets_from_events
ModuleNotFoundError: No module named 'polymarket'
Traceback (most recent call last):
  File "/root/.openclaw/workspace/climate-arbitrage-bot/main.py", line 18, in <module>
    from polymarket import PolymarketClient, get_weather_markets, calculate_spread, is_arbitrage_opportunity, get_temperature_events, get_markets_from_events
ModuleNotFoundError: No module named 'polymarket'
Traceback (most recent call last):
  File "/root/.openclaw/workspace/climate-arbitrage-bot/main.py", line 18, in <module>
    from polymarket import PolymarketClient, get_weather_markets, calculate_spread, is_arbitrage_opportunity, get_temperature_events, get_markets_from_events
ModuleNotFoundError: No module named 'polymarket'
Traceback (most recent call last):
  File "/root/.openclaw/workspace/climate-arbitrage-bot/main.py", line 18, in <module>
    from polymarket import PolymarketClient, get_weather_markets, calculate_spread, is_arbitrage_opportunity, get_temperature_events, get_markets_from_events
ModuleNotFoundError: No module named 'polymarket'
Traceback (most recent call last):
  File "/root/.openclaw/workspace/climate-arbitrage-bot/main.py", line 18, in <module>
    from polymarket import PolymarketClient, get_weather_markets, calculate_spread, is_arbitrage_opportunity, get_temperature_events, get_markets_from_events
ModuleNotFoundError: No module named 'polymarket'
Traceback (most recent call last):
  File "/root/.openclaw/workspace/climate-arbitrage-bot/main.py", line 18, in <module>
    from polymarket import PolymarketClient, get_weather_markets, calculate_spread, is_arbitrage_opportunity, get_temperature_events, get_markets_from_events
ModuleNotFoundError: No module named 'polymarket'
Traceback (most recent call last):
  File "/root/.openclaw/workspace/climate-arbitrage-bot/main.py", line 18, in <module>
    from polymarket import PolymarketClient, get_weather_markets, calculate_spread, is_arbitrage_opportunity, get_temperature_events, get_markets_from_events
ModuleNotFoundError: No module named 'polymarket'
Traceback (most recent call last):
  File "/root/.openclaw/workspace/climate-arbitrage-bot/main.py", line 18, in <module>
    from polymarket import PolymarketClient, get_weather_markets, calculate_spread, is_arbitrage_opportunity, get_temperature_events, get_markets_from_events
ModuleNotFoundError: No module named 'polymarket'
Traceback (most recent call last):
  File "/root/.openclaw/workspace/climate-arbitrage-bot/main.py", line 18, in <module>
    from polymarket import PolymarketClient, get_weather_markets, calculate_spread, is_arbitrage_opportunity, get_temperature_events, get_markets_from_events
ModuleNotFoundError: No module named 'polymarket'
